Arguments: 
  /usr/local/opt/nvm/versions/node/v13.6.0/bin/node /usr/local/bin/yarn add

PATH: 
  /usr/local/opt/nvm/versions/node/v13.6.0/bin:/Users/boazblake/.cargo/bin:/private/var/folders/7s/ks_v5nmn4mv4lw0f1ffqpg8w0000gn/T/AppTranslocation/FEE8BA79-830F-4867-AB72-4FAFD9D74824/d/Zed.app/bin:/Users/boazblake/.yarn/bin:/usr/local/opt/nvm/versions/node/v8.9.4/bin:/Users/boazblake/.yarn/bin:/Users/boazblake/.config/yarn/global/node_modules/.bin:/usr/local/opt/openssl/bin:/usr/local/mysql/bin:/usr/local/cmake/bin:/usr/local/mongodb/bin:/usr/local/au/bin:/usr/local/git/bin:/usr/local/autoconf/bin:/usr/local/git/bin:/sw/bin:/usr/local/bin:/usr/local:/usr/local/sbin:/usr/local/mysql/bin:/usr/local/bin:/usr/local/bin:/usr/bin:/bin:/usr/sbin:/sbin:/Users/boazblake/.vimpkg/bin:/Users/bblake/.local/bin:/usr/local/opt/nvm/versions/node/v13.6.0/bin:/Users/bblake/Library/Android/sdk/platform-tools:/Users/bblake/Library/Android/sdk/tools/bin:/Users/bblake/Library/Android/sdk/tools:/Users/bblake/.config/yarn/global/node_modules/.bin:/Users/bblake/.yarn/bin:/Users/bblake/usr/local/bin:/Users/bblake/bin:/usr/local/bin:/usr/bin:/bin:/usr/sbin:/sbin:/Library/Frameworks/Mono.framework/Versions/Current/Commands:/Users/boazblake/.cargo/bin:/private/var/folders/7s/ks_v5nmn4mv4lw0f1ffqpg8w0000gn/T/AppTranslocation/FEE8BA79-830F-4867-AB72-4FAFD9D74824/d/Zed.app/bin:/Users/boazblake/.yarn/bin:/usr/local/opt/nvm/versions/node/v8.9.4/bin:/Users/boazblake/.config/yarn/global/node_modules/.bin:/usr/local/opt/openssl/bin:/usr/local/mysql/bin:/usr/local/cmake/bin:/usr/local/mongodb/bin:/usr/local/au/bin:/usr/local/git/bin:/usr/local/autoconf/bin:/sw/bin:/usr/local:/usr/local/sbin:/Users/boazblake/.vimpkg/bin:/Users/bblake/.local/bin:/usr/local/opt/nvm/versions/node/v13.6.0/bin:/Users/bblake/Library/Android/sdk/platform-tools:/Users/bblake/Library/Android/sdk/tools/bin:/Users/bblake/Library/Android/sdk/tools:/Users/bblake/.config/yarn/global/node_modules/.bin:/Users/bblake/.yarn/bin:/Users/bblake/usr/local/bin:/Users/bblake/bin:/Users/bblake/Library/Android/sdk/build-tools/29.0.2:/Users/bblake/.rvm/bin:/Users/bblake/Library/Android/sdk/tools:/Users/bblake/Library/Android/sdk/platform-tools:/Users/bblake/Library/Android/sdk/build-tools/29.0.2:/Users/bblake/.rvm/bin

Yarn version: 
  1.17.3

Node version: 
  13.6.0

Platform: 
  darwin x64

Trace: 
  SyntaxError: /Users/bblake/workspace/explorations/mithril/chat/package.json: Unexpected string in JSON at position 641
      at JSON.parse (<anonymous>)
      at /Users/bblake/.config/yarn/global/node_modules/yarn/lib/cli.js:1625:59
      at Generator.next (<anonymous>)
      at step (/Users/bblake/.config/yarn/global/node_modules/yarn/lib/cli.js:304:30)
      at /Users/bblake/.config/yarn/global/node_modules/yarn/lib/cli.js:315:13

npm manifest: 
  {
    "name": "chat",
    "version": "1.0.0",
    "main": "index.js",
    "license": "MIT",
    "scripts": {
      "start": "brunch watch --server",
      "build": "brunch build --production"
    },
    "dependencies": {
      "mithril": "^1.1.6",
      "mithril-stream": "^2.0.0",
      "moment": "^2.24.0",
      "pubnub": "^4.27.3",
      "uuid": "^3.3.2"
    },
    "devDependencies": {
      "@babel/plugin-transform-spread": "^7.7.4",
      "auto-reload-brunch": "^2.7.1",
      "babel-brunch": "7.0.1",
      "brunch": "^2.10.17",
      "clean-css-brunch": "^2.10.0",
      "sass-brunch": "https://github.com/brunch/sass-brunch.git#b21b27f6329c2ec30659daa0835db214dde708b0"
      "uglify-js-brunch": "^2.10.0"
    }
  }

yarn manifest: 
  No manifest

Lockfile: 
  No lockfile
